[2020-09-08T02:59:28.663848+00:00] local_logger.DEBUG: Start querying objects. Query: /customers [] []
[2020-09-08T02:59:29.085553+00:00] local_logger.DEBUG: Finish querying objects. Query: /customers [] []
[2020-09-08T02:59:29.105161+00:00] local_logger.DEBUG: Start querying objects. Query: /customers?sort=date_created:asc&include=addresses [] []
[2020-09-08T02:59:29.363323+00:00] local_logger.DEBUG: Finish querying objects. Query: /customers?sort=date_created:asc&include=addresses [] []
[2020-09-08T02:59:29.445989+00:00] local_logger.DEBUG: Start querying objects. Query: /customers?id:in=1&include=addresses [] []
[2020-09-08T02:59:29.549405+00:00] local_logger.DEBUG: Finish querying objects. Query: /customers?id:in=1&include=addresses [] []
[2020-09-08T02:59:39.724066+00:00] local_logger.DEBUG: Start querying objects. Query: /customers [] []
[2020-09-08T02:59:42.173361+00:00] local_logger.DEBUG: Finish querying objects. Query: /customers [] []
[2020-09-08T02:59:45.064809+00:00] local_logger.DEBUG: Start querying objects. Query: /customers?sort=date_created:asc&include=addresses [] []
[2020-09-08T02:59:45.866153+00:00] local_logger.DEBUG: Finish querying objects. Query: /customers?sort=date_created:asc&include=addresses [] []
[2020-09-08T02:59:48.326736+00:00] local_logger.DEBUG: Start querying objects. Query: /customers?id:in=1&include=addresses [] []
[2020-09-08T02:59:48.989532+00:00] local_logger.DEBUG: Finish querying objects. Query: /customers?id:in=1&include=addresses [] []
[2020-09-10T06:34:26.532882+00:00] local_logger.DEBUG: Start querying objects. Query: /customers [] []
[2020-09-10T06:34:26.812498+00:00] local_logger.DEBUG: Finish querying objects. Query: /customers [] []
[2020-09-10T06:34:28.320696+00:00] local_logger.DEBUG: Start querying objects. Query: /customers?sort=date_created:asc&include=addresses [] []
[2020-09-10T06:34:28.423066+00:00] local_logger.DEBUG: Finish querying objects. Query: /customers?sort=date_created:asc&include=addresses [] []
[2020-09-10T06:34:28.651310+00:00] local_logger.DEBUG: Start querying objects. Query: /customers?id:in=1&include=addresses [] []
[2020-09-10T06:34:28.761720+00:00] local_logger.DEBUG: Finish querying objects. Query: /customers?id:in=1&include=addresses [] []
[2020-09-11T02:40:49.485535+00:00] local_logger.DEBUG: Start querying objects. Query: /catalog/categories [] []
[2020-09-11T02:40:49.794825+00:00] local_logger.DEBUG: Finish querying objects. Query: /catalog/categories [] []
[2020-09-11T02:40:54.148852+00:00] local_logger.DEBUG: Start querying objects. Query: /catalog/categories? [] []
[2020-09-11T02:40:54.263222+00:00] local_logger.DEBUG: Finish querying objects. Query: /catalog/categories? [] []
[2020-09-11T02:40:54.394853+00:00] local_logger.DEBUG: Start querying objects. Query: /catalog/categories?id:in=21 [] []
[2020-09-11T02:40:54.494948+00:00] local_logger.DEBUG: Finish querying objects. Query: /catalog/categories?id:in=21 [] []
[2020-09-11T02:41:49.915962+00:00] local_logger.DEBUG: Start querying objects. Query: /catalog/categories?id:in=18,21,24&page=1&limit=50 [] []
[2020-09-11T02:41:50.210880+00:00] local_logger.DEBUG: Finish querying objects. Query: /catalog/categories?id:in=18,21,24&page=1&limit=50 [] []
[2020-09-11T02:42:21.668701+00:00] local_logger.DEBUG: Start querying objects. Query: /catalog/categories?id:in=24 [] []
[2020-09-11T02:42:21.844447+00:00] local_logger.DEBUG: Finish querying objects. Query: /catalog/categories?id:in=24 [] []
[2020-09-11T02:42:33.672386+00:00] local_logger.DEBUG: Start updating objects. Path: /catalog/categories/24 .Data: {"name":"Cooks","parent_id":21,"description":"This is new description","sort_order":0,"page_title":"Cooks"} [] []
[2020-09-11T02:42:33.812896+00:00] local_logger.DEBUG: Finish updating objects. Path: /catalog/categories/24 .Data: {"name":"Cooks","parent_id":21,"description":"This is new description","sort_order":0,"page_title":"Cooks"} [] []
[2020-09-11T02:43:49.481494+00:00] local_logger.DEBUG: Start querying objects. Query: /catalog/products?id:in=111&include=primary_image,images [] []
[2020-09-11T02:43:49.821179+00:00] local_logger.DEBUG: Finish querying objects. Query: /catalog/products?id:in=111&include=primary_image,images [] []
[2020-09-11T02:43:50.187378+00:00] local_logger.DEBUG: Start querying objects. Query: /catalog/categories?id:in=21,23,24 [] []
[2020-09-11T02:43:50.295724+00:00] local_logger.DEBUG: Finish querying objects. Query: /catalog/categories?id:in=21,23,24 [] []
[2020-09-11T02:43:50.374576+00:00] local_logger.DEBUG: Start querying objects. Query: /catalog/products/111/reviews?product_id:in=111 [] []
[2020-09-11T02:43:50.471344+00:00] local_logger.DEBUG: Finish querying objects. Query: /catalog/products/111/reviews?product_id:in=111 [] []
[2020-09-11T02:46:29.753954+00:00] local_logger.DEBUG: Start updating objects. Path: /catalog/categories/24 .Data: {"name":"Cooks","parent_id":21,"description":"This is new description","sort_order":0,"page_title":"Cooks"} [] []
[2020-09-11T02:46:30.207348+00:00] local_logger.DEBUG: Finish updating objects. Path: /catalog/categories/24 .Data: {"name":"Cooks","parent_id":21,"description":"This is new description","sort_order":0,"page_title":"Cooks"} [] []
[2020-09-11T02:47:31.680629+00:00] local_logger.DEBUG: Start updating objects. Path: /catalog/categories/24 .Data: {"name":"Cooks","parent_id":21,"description":"This is new description","sort_order":0,"page_title":"Cooks"} [] []
[2020-09-11T02:47:32.103085+00:00] local_logger.DEBUG: Finish updating objects. Path: /catalog/categories/24 .Data: {"name":"Cooks","parent_id":21,"description":"This is new description","sort_order":0,"page_title":"Cooks"} [] []
[2020-09-11T02:47:34.230921+00:00] local_logger.DEBUG: Start creating objects. Path: /catalog/products/111/reviews. Data: {"title":"Great Product","text":"I love this product so much","status":"approved","rating":5,"email":"ken.ngo@bigcommerce.com","name":"Ken Ngo","date_reviewed":"2020-09-11T02:47:34+00:00"} [] []
[2020-09-11T02:47:34.349281+00:00] local_logger.DEBUG: Finish creating objects. Path: /catalog/products/111/reviews. Data: {"title":"Great Product","text":"I love this product so much","status":"approved","rating":5,"email":"ken.ngo@bigcommerce.com","name":"Ken Ngo","date_reviewed":"2020-09-11T02:47:34+00:00"} [] []
[2020-09-11T02:47:35.552189+00:00] local_logger.DEBUG: Start creating objects. Path: /catalog/products/111/images. Data: {"is_thumbnail":false,"sort_order":1,"description":"New image by url","image_file":null,"image_url":"https:\/\/upload.wikimedia.org\/wikipedia\/commons\/9\/9e\/Xenon_short_arc_1.jpg","url_zoom":null,"url_standard":null,"url_thumbnail":null,"url_tiny":null,"date_modified":null} [] []
[2020-09-11T02:47:36.914432+00:00] local_logger.DEBUG: Finish creating objects. Path: /catalog/products/111/images. Data: {"is_thumbnail":false,"sort_order":1,"description":"New image by url","image_file":null,"image_url":"https:\/\/upload.wikimedia.org\/wikipedia\/commons\/9\/9e\/Xenon_short_arc_1.jpg","url_zoom":null,"url_standard":null,"url_thumbnail":null,"url_tiny":null,"date_modified":null} [] []
[2020-09-11T02:47:44.379626+00:00] local_logger.DEBUG: Start creating objects. Path: /catalog/products/111/images. Data: {"is_thumbnail":false,"sort_order":2,"description":"New image by upload file","image_file":"\/Users\/ken.ngo\/bigcommerce\/bigcommerce-orm\/samples\/photos\/lamp.jpg","image_url":null,"url_zoom":null,"url_standard":null,"url_thumbnail":null,"url_tiny":null,"date_modified":null} [] []
[2020-09-11T02:47:44.649212+00:00] local_logger.DEBUG: Finish creating objects. Path: /catalog/products/111/images. Data: {"is_thumbnail":false,"sort_order":2,"description":"New image by upload file","image_file":"\/Users\/ken.ngo\/bigcommerce\/bigcommerce-orm\/samples\/photos\/lamp.jpg","image_url":null,"url_zoom":null,"url_standard":null,"url_thumbnail":null,"url_tiny":null,"date_modified":null} [] []
